{
  "RSpec": {
    "coverage": {
      "/Users/jbones/Desktop/miles_of_smiles/spec/features/add_new_review_spec.rb": [
        1,
        null,
        1,
        1,
        1,
        1,
        1,
        1,
        1,
        1,
        1,
        1,
        1,
        1,
        1,
        1,
        null,
        1,
        1,
        1,
        1,
        1,
        1,
        1,
        1,
        1,
        null,
        null
      ],
      "/Users/jbones/Desktop/miles_of_smiles/spec/rails_helper.rb": [
        null,
        1,
        1,
        1,
        null,
        1,
        1,
        null,
        null,
        null,
        null,
        null,
        null,
        null,
        null,
        null,
        null,
        null,
        null,
        null,
        null,
        null,
        null,
        null,
        null,
        null,
        1,
        null,
        1,
        null,
        1,
        null,
        null,
        null,
        null,
        1,
        null,
        null,
        null,
        null,
        null,
        null,
        null,
        null,
        null,
        null,
        null,
        null,
        null,
        null,
        1,
        null,
        null,
        1,
        null,
        null,
        null,
        null,
        1,
        1,
        1,
        1,
        null,
        null
      ],
      "/Users/jbones/Desktop/miles_of_smiles/config/environment.rb": [
        null,
        1,
        null,
        null,
        1
      ],
      "/Users/jbones/Desktop/miles_of_smiles/config/application.rb": [
        1,
        null,
        1,
        null,
        1,
        1,
        1,
        1,
        1,
        1,
        1,
        1,
        null,
        null,
        null,
        null,
        1,
        null,
        1,
        1,
        null,
        1,
        null,
        null,
        null,
        null,
        null,
        null,
        1,
        null,
        null
      ],
      "/Users/jbones/Desktop/miles_of_smiles/config/boot.rb": [
        1,
        null,
        1
      ],
      "/Users/jbones/Desktop/miles_of_smiles/config/environments/test.rb": [
        1,
        null,
        null,
        null,
        null,
        null,
        null,
        1,
        null,
        null,
        null,
        null,
        1,
        null,
        null,
        1,
        1,
        null,
        null,
        null,
        null,
        1,
        1,
        null,
        null,
        1,
        null,
        null,
        1,
        1,
        null,
        null,
        null,
        null,
        1,
        null,
        null,
        1,
        null,
        null,
        null,
        null
      ],
      "/Users/jbones/Desktop/miles_of_smiles/config/initializers/application_controller_renderer.rb": [
        null,
        null,
        null,
        null,
        null,
        null
      ],
      "/Users/jbones/Desktop/miles_of_smiles/config/initializers/assets.rb": [
        null,
        null,
        null,
        1,
        null,
        null,
        null,
        null,
        1,
        null,
        null,
        null,
        null,
        null
      ],
      "/Users/jbones/Desktop/miles_of_smiles/config/initializers/backtrace_silencers.rb": [
        null,
        null,
        null,
        null,
        null,
        null,
        null
      ],
      "/Users/jbones/Desktop/miles_of_smiles/config/initializers/cookies_serializer.rb": [
        null,
        null,
        null,
        null,
        1
      ],
      "/Users/jbones/Desktop/miles_of_smiles/config/initializers/filter_parameter_logging.rb": [
        null,
        null,
        null,
        1
      ],
      "/Users/jbones/Desktop/miles_of_smiles/config/initializers/inflections.rb": [
        null,
        null,
        null,
        null,
        null,
        null,
        null,
        null,
        null,
        null,
        null,
        null,
        null,
        null,
        null,
        null
      ],
      "/Users/jbones/Desktop/miles_of_smiles/config/initializers/mime_types.rb": [
        null,
        null,
        null,
        null
      ],
      "/Users/jbones/Desktop/miles_of_smiles/config/initializers/wrap_parameters.rb": [
        null,
        null,
        null,
        null,
        null,
        null,
        1,
        2,
        null,
        null,
        null,
        null,
        null,
        null
      ],
      "/Users/jbones/Desktop/miles_of_smiles/app/channels/application_cable/channel.rb": [
        1,
        1,
        null,
        null
      ],
      "/Users/jbones/Desktop/miles_of_smiles/app/channels/application_cable/connection.rb": [
        1,
        1,
        null,
        null
      ],
      "/Users/jbones/Desktop/miles_of_smiles/app/controllers/application_controller.rb": [
        1,
        1,
        1,
        null,
        1,
        79,
        71,
        null,
        null,
        null,
        1,
        9,
        0,
        0,
        null,
        null,
        null,
        null,
        null
      ],
      "/Users/jbones/Desktop/miles_of_smiles/app/helpers/application_helper.rb": [
        1,
        null
      ],
      "/Users/jbones/Desktop/miles_of_smiles/app/controllers/pages_controller.rb": [
        1,
        null,
        1,
        null,
        null,
        null,
        null
      ],
      "/Users/jbones/Desktop/miles_of_smiles/app/controllers/reviews_controller.rb": [
        1,
        null,
        1,
        1,
        1,
        null,
        null,
        1,
        1,
        1,
        1,
        1,
        1,
        null,
        0,
        0,
        null,
        null,
        null,
        1,
        0,
        0,
        0,
        0,
        null,
        null,
        1,
        1,
        1,
        null,
        null,
        null
      ],
      "/Users/jbones/Desktop/miles_of_smiles/app/controllers/services_controller.rb": [
        1,
        null,
        1,
        null,
        1,
        3,
        null,
        null,
        1,
        4,
        null,
        null,
        1,
        2,
        null,
        null,
        1,
        2,
        2,
        2,
        2,
        null,
        0,
        0,
        null,
        null,
        null,
        1,
        0,
        0,
        0,
        null,
        null,
        1,
        1,
        2,
        null,
        null,
        null
      ],
      "/Users/jbones/Desktop/miles_of_smiles/app/controllers/sessions_controller.rb": [
        1,
        null,
        1,
        3,
        3,
        3,
        3,
        3,
        null,
        0,
        0,
        null,
        null,
        null,
        1,
        0,
        0,
        0,
        null,
        null,
        null,
        null
      ],
      "/Users/jbones/Desktop/miles_of_smiles/app/controllers/users_controller.rb": [
        1,
        null,
        1,
        1,
        null,
        null,
        1,
        0,
        null,
        null,
        1,
        1,
        1,
        1,
        1,
        1,
        null,
        0,
        0,
        null,
        null,
        null,
        null,
        null,
        1,
        1,
        1,
        null,
        null,
        null,
        null
      ],
      "/Users/jbones/Desktop/miles_of_smiles/app/jobs/application_job.rb": [
        1,
        null
      ],
      "/Users/jbones/Desktop/miles_of_smiles/app/mailers/application_mailer.rb": [
        1,
        1,
        1,
        null
      ],
      "/Users/jbones/Desktop/miles_of_smiles/app/models/application_record.rb": [
        1,
        1,
        null
      ],
      "/Users/jbones/Desktop/miles_of_smiles/app/models/review.rb": [
        1,
        null,
        1,
        null,
        1,
        null,
        null
      ],
      "/Users/jbones/Desktop/miles_of_smiles/app/models/service.rb": [
        1,
        1,
        null,
        1,
        null,
        null,
        null
      ],
      "/Users/jbones/Desktop/miles_of_smiles/app/models/user.rb": [
        1,
        null,
        1,
        1,
        1,
        1,
        1,
        null,
        1,
        8,
        8,
        null,
        null,
        1,
        3,
        3,
        3,
        null,
        null,
        null,
        null,
        null,
        null
      ],
      "/Users/jbones/Desktop/miles_of_smiles/spec/factories.rb": [
        null,
        null,
        1,
        1,
        1,
        1,
        1,
        null,
        null
      ],
      "/Users/jbones/Desktop/miles_of_smiles/config/routes.rb": [
        1,
        null,
        1,
        null,
        1,
        1,
        null,
        1,
        1,
        1,
        null,
        1,
        1,
        null,
        null,
        1,
        null,
        null,
        null
      ],
      "/Users/jbones/Desktop/miles_of_smiles/spec/features/add_new_service_spec.rb": [
        1,
        null,
        1,
        1,
        1,
        1,
        1,
        1,
        1,
        1,
        null,
        1,
        1,
        1,
        1,
        1,
        1,
        1,
        1,
        null,
        null
      ],
      "/Users/jbones/Desktop/miles_of_smiles/spec/features/add_new_user_spec.rb": [
        1,
        null,
        1,
        1,
        1,
        1,
        1,
        1,
        1,
        1,
        1,
        1,
        1,
        null,
        null
      ],
      "/Users/jbones/Desktop/miles_of_smiles/spec/features/user_can_sign_in_spec.rb": [
        1,
        null,
        null,
        1,
        1,
        1,
        1,
        1,
        1,
        1,
        1,
        1,
        null,
        null
      ],
      "/Users/jbones/Desktop/miles_of_smiles/spec/models/review_spec.rb": [
        1,
        null,
        1,
        2,
        2,
        2,
        null
      ],
      "/Users/jbones/Desktop/miles_of_smiles/spec/models/service_spec.rb": [
        1,
        null,
        1,
        2,
        2,
        2,
        2,
        null,
        null,
        null
      ],
      "/Users/jbones/Desktop/miles_of_smiles/spec/models/user_spec.rb": [
        1,
        null,
        1,
        2,
        2,
        2,
        2,
        null,
        null,
        null
      ]
    },
    "timestamp": 1499634769
  }
}
